<?xml version="1.0" encoding="UTF-8"?>
<!-- Generated by org.testng.reporters.JUnitReportReporter -->
<testsuite hostname="LIN49004476" failures="0" tests="1" name="TestCases.FirstTest" time="0.007" errors="0" timestamp="2023-11-01T20:30:39 IST" skipped="0">
  <testcase classname="TestCases.FirstTest" name="FirstTestCase" time="0.007"/>
  <system-out/>
</testsuite> <!-- TestCases.FirstTest -->
