<?xml version="1.0" encoding="UTF-8"?>
<!-- Generated by org.testng.reporters.JUnitReportReporter -->
<testsuite hostname="LIN49004476" failures="0" tests="1" name="TestCases.Testcode" time="0.010" errors="0" timestamp="2023-07-12T17:29:15 IST" skipped="0">
  <testcase classname="TestCases.Testcode" name="test1" time="0.010"/>
  <system-out/>
</testsuite> <!-- TestCases.Testcode -->
